#
# There is insufficient memory for the Java Runtime Environment to continue.
# Native memory allocation (malloc) failed to allocate 1155536 bytes. Error detail: Chunk::new
# Possible reasons:
#   The system is out of physical RAM or swap space
#   This process is running with CompressedOops enabled, and the Java Heap may be blocking the growth of the native heap
# Possible solutions:
#   Reduce memory load on the system
#   Increase physical memory or swap space
#   Check if swap backing store is full
#   Decrease Java heap size (-Xmx/-Xms)
#   Decrease number of Java threads
#   Decrease Java thread stack sizes (-Xss)
#   Set larger code cache with -XX:ReservedCodeCacheSize=
#   JVM is running with Unscaled Compressed Oops mode in which the Java heap is
#     placed in the first 4GB address space. The Java Heap base address is the
#     maximum limit for the native heap growth. Please use -XX:HeapBaseMinAddress
#     to set the Java Heap base and to place the Java Heap above 4GB virtual address.
# This output file may be truncated or incomplete.
#
#  Out of Memory Error (arena.cpp:168), pid=8728, tid=1432
#
# JRE version: OpenJDK Runtime Environment Temurin-21.0.7+6 (21.0.7+6) (build 21.0.7+6-LTS)
# Java VM: OpenJDK 64-Bit Server VM Temurin-21.0.7+6 (21.0.7+6-LTS, mixed mode, sharing, tiered, compressed oops, compressed class ptrs, parallel gc, windows-amd64)
# No core dump will be written. Minidumps are not enabled by default on client versions of Windows
#

---------------  S U M M A R Y ------------

Command Line: --add-modules=ALL-SYSTEM --add-opens=java.base/java.util=ALL-UNNAMED --add-opens=java.base/java.lang=ALL-UNNAMED --add-opens=java.base/sun.nio.fs=ALL-UNNAMED -Declipse.application=org.eclipse.jdt.ls.core.id1 -Dosgi.bundles.defaultStartLevel=4 -Declipse.product=org.eclipse.jdt.ls.core.product -Djava.import.generatesMetadataFilesAtProjectRoot=false -DDetectVMInstallationsJob.disabled=true -Dfile.encoding=utf8 -XX:+UseParallelGC -XX:GCTimeRatio=4 -XX:AdaptiveSizePolicyWeight=90 -Dsun.zip.disableMemoryMapping=true -Xmx1G -Xms100m -Xlog:disable -javaagent:c:\Users\lucca\.vscode\extensions\redhat.java-1.42.0-win32-x64\lombok\lombok-1.18.36.jar -XX:+HeapDumpOnOutOfMemoryError -XX:HeapDumpPath=c:\Users\lucca\AppData\Roaming\Code\User\workspaceStorage\4bda79ef473fe2ec8d334810fdf56669\redhat.java -Daether.dependencyCollector.impl=bf c:\Users\lucca\.vscode\extensions\redhat.java-1.42.0-win32-x64\server\plugins\org.eclipse.equinox.launcher_1.7.0.v20250424-1814.jar -configuration c:\Users\lucca\AppData\Roaming\Code\User\globalStorage\redhat.java\1.42.0\config_win -data c:\Users\lucca\AppData\Roaming\Code\User\workspaceStorage\4bda79ef473fe2ec8d334810fdf56669\redhat.java\jdt_ws --pipe=\\.\pipe\lsp-7ce125001f209bf7e09b9c7934db0202-sock

Host: Intel(R) Core(TM) i3-10110U CPU @ 2.10GHz, 4 cores, 11G,  Windows 10 , 64 bit Build 19041 (10.0.19041.5794)
Time: Fri Jun 13 00:04:12 2025 Hora oficial do Brasil elapsed time: 747.526975 seconds (0d 0h 12m 27s)

---------------  T H R E A D  ---------------

Current thread (0x000002ceb116f2f0):  JavaThread "C2 CompilerThread0" daemon [_thread_in_native, id=1432, stack(0x000000da6dd00000,0x000000da6de00000) (1024K)]


Current CompileTask:
C2:747527 22141       4       org.eclipse.jdt.internal.core.index.DiskIndex::readChunk (266 bytes)

Stack: [0x000000da6dd00000,0x000000da6de00000]
Native frames: (J=compiled Java code, j=interpreted, Vv=VM code, C=native code)
V  [jvm.dll+0x6ce119]
V  [jvm.dll+0x8a84a1]
V  [jvm.dll+0x8aa9ce]
V  [jvm.dll+0x8ab0b3]
V  [jvm.dll+0x27f8a6]
V  [jvm.dll+0xc507d]
V  [jvm.dll+0xc55b3]
V  [jvm.dll+0x3b68f2]
V  [jvm.dll+0x382aa5]
V  [jvm.dll+0x381f0a]
V  [jvm.dll+0x247af0]
V  [jvm.dll+0x2470cf]
V  [jvm.dll+0x1c760e]
V  [jvm.dll+0x25695a]
V  [jvm.dll+0x254efa]
V  [jvm.dll+0x3f03f6]
V  [jvm.dll+0x851f6b]
V  [jvm.dll+0x6cc7dd]
C  [ucrtbase.dll+0x21bb2]
C  [KERNEL32.DLL+0x17374]
C  [ntdll.dll+0x4cc91]


---------------  P R O C E S S  ---------------

Threads class SMR info:
_java_thread_list=0x000002cef9eaad20, length=39, elements={
0x000002ce9ce441b0, 0x000002ceb1165610, 0x000002ceb1167f20, 0x000002ceb1168e30,
0x000002ceb1169d40, 0x000002ceb116ca60, 0x000002ceb116e4c0, 0x000002ceb116f2f0,
0x000002ceb11ecf20, 0x000002ce9ceae530, 0x000002cef725d0c0, 0x000002cef7f25c50,
0x000002cef7b310c0, 0x000002cef7de2430, 0x000002cef7dcc120, 0x000002cef7bb3530,
0x000002cef7feebe0, 0x000002cef7eea5d0, 0x000002cef7ee77e0, 0x000002cef7ee9220,
0x000002cef7ee7150, 0x000002cef7ee7e70, 0x000002cef7ee9f40, 0x000002cefa008f10,
0x000002cefa0067b0, 0x000002cefa008880, 0x000002cefa004d70, 0x000002cefa007b60,
0x000002cefa006e40, 0x000002cefa00b670, 0x000002cefa00a950, 0x000002cefa00afe0,
0x000002cefb38b360, 0x000002cefb38dac0, 0x000002cefb38c710, 0x000002cefb38c080,
0x000002cefb38cda0, 0x000002cefb38e7e0, 0x000002cefb38a640
}

Java Threads: ( => current thread )
  0x000002ce9ce441b0 JavaThread "main"                              [_thread_blocked, id=4596, stack(0x000000da6d300000,0x000000da6d400000) (1024K)]
  0x000002ceb1165610 JavaThread "Reference Handler"          daemon [_thread_blocked, id=10800, stack(0x000000da6d700000,0x000000da6d800000) (1024K)]
  0x000002ceb1167f20 JavaThread "Finalizer"                  daemon [_thread_blocked, id=5764, stack(0x000000da6d800000,0x000000da6d900000) (1024K)]
  0x000002ceb1168e30 JavaThread "Signal Dispatcher"          daemon [_thread_blocked, id=15260, stack(0x000000da6d900000,0x000000da6da00000) (1024K)]
  0x000002ceb1169d40 JavaThread "Attach Listener"            daemon [_thread_blocked, id=12444, stack(0x000000da6da00000,0x000000da6db00000) (1024K)]
  0x000002ceb116ca60 JavaThread "Service Thread"             daemon [_thread_blocked, id=8948, stack(0x000000da6db00000,0x000000da6dc00000) (1024K)]
  0x000002ceb116e4c0 JavaThread "Monitor Deflation Thread"   daemon [_thread_blocked, id=9376, stack(0x000000da6dc00000,0x000000da6dd00000) (1024K)]
=>0x000002ceb116f2f0 JavaThread "C2 CompilerThread0"         daemon [_thread_in_native, id=1432, stack(0x000000da6dd00000,0x000000da6de00000) (1024K)]
  0x000002ceb11ecf20 JavaThread "C1 CompilerThread0"         daemon [_thread_blocked, id=17520, stack(0x000000da6de00000,0x000000da6df00000) (1024K)]
  0x000002ce9ceae530 JavaThread "Common-Cleaner"             daemon [_thread_blocked, id=17860, stack(0x000000da6df00000,0x000000da6e000000) (1024K)]
  0x000002cef725d0c0 JavaThread "Notification Thread"        daemon [_thread_blocked, id=14244, stack(0x000000da6e000000,0x000000da6e100000) (1024K)]
  0x000002cef7f25c50 JavaThread "Active Thread: Equinox Container: 72889566-f956-4780-bc49-f9956a81a55f"        [_thread_blocked, id=17940, stack(0x000000da6e100000,0x000000da6e200000) (1024K)]
  0x000002cef7b310c0 JavaThread "Refresh Thread: Equinox Container: 72889566-f956-4780-bc49-f9956a81a55f" daemon [_thread_blocked, id=3156, stack(0x000000da6e500000,0x000000da6e600000) (1024K)]
  0x000002cef7de2430 JavaThread "Framework Event Dispatcher: Equinox Container: 72889566-f956-4780-bc49-f9956a81a55f" daemon [_thread_blocked, id=3472, stack(0x000000da6e600000,0x000000da6e700000) (1024K)]
  0x000002cef7dcc120 JavaThread "Start Level: Equinox Container: 72889566-f956-4780-bc49-f9956a81a55f" daemon [_thread_blocked, id=3760, stack(0x000000da6e700000,0x000000da6e800000) (1024K)]
  0x000002cef7bb3530 JavaThread "Bundle File Closer"         daemon [_thread_blocked, id=5560, stack(0x000000da6e800000,0x000000da6e900000) (1024K)]
  0x000002cef7feebe0 JavaThread "SCR Component Actor"        daemon [_thread_blocked, id=11776, stack(0x000000da6e900000,0x000000da6ea00000) (1024K)]
  0x000002cef7eea5d0 JavaThread "Worker-JM"                         [_thread_blocked, id=17196, stack(0x000000da6ec00000,0x000000da6ed00000) (1024K)]
  0x000002cef7ee77e0 JavaThread "JNA Cleaner"                daemon [_thread_blocked, id=17656, stack(0x000000da6ed00000,0x000000da6ee00000) (1024K)]
  0x000002cef7ee9220 JavaThread "Worker-1"                          [_thread_blocked, id=16748, stack(0x000000da6ef00000,0x000000da6f000000) (1024K)]
  0x000002cef7ee7150 JavaThread "Java indexing"              daemon [_thread_blocked, id=13076, stack(0x000000da6f100000,0x000000da6f200000) (1024K)]
  0x000002cef7ee7e70 JavaThread "Worker-3"                          [_thread_blocked, id=2724, stack(0x000000da6ea00000,0x000000da6eb00000) (1024K)]
  0x000002cef7ee9f40 JavaThread "Thread-2"                   daemon [_thread_in_native, id=9080, stack(0x000000da6f300000,0x000000da6f400000) (1024K)]
  0x000002cefa008f10 JavaThread "Thread-3"                   daemon [_thread_in_native, id=5432, stack(0x000000da6f400000,0x000000da6f500000) (1024K)]
  0x000002cefa0067b0 JavaThread "Thread-4"                   daemon [_thread_in_native, id=12336, stack(0x000000da6f500000,0x000000da6f600000) (1024K)]
  0x000002cefa008880 JavaThread "Thread-5"                   daemon [_thread_in_native, id=3536, stack(0x000000da6f600000,0x000000da6f700000) (1024K)]
  0x000002cefa004d70 JavaThread "Thread-6"                   daemon [_thread_in_native, id=12232, stack(0x000000da6f700000,0x000000da6f800000) (1024K)]
  0x000002cefa007b60 JavaThread "pool-2-thread-1"                   [_thread_blocked, id=5528, stack(0x000000da6f200000,0x000000da6f300000) (1024K)]
  0x000002cefa006e40 JavaThread "WorkspaceEventsHandler"            [_thread_blocked, id=15752, stack(0x000000da6fa00000,0x000000da6fb00000) (1024K)]
  0x000002cefa00b670 JavaThread "pool-1-thread-1"                   [_thread_blocked, id=6388, stack(0x000000da6fb00000,0x000000da6fc00000) (1024K)]
  0x000002cefa00a950 JavaThread "Compiler Source File Reader" daemon [_thread_blocked, id=7328, stack(0x000000da70100000,0x000000da70200000) (1024K)]
  0x000002cefa00afe0 JavaThread "Compiler Source File Reader" daemon [_thread_blocked, id=13752, stack(0x000000da70200000,0x000000da70300000) (1024K)]
  0x000002cefb38b360 JavaThread "ForkJoinPool.commonPool-worker-1" daemon [_thread_blocked, id=13468, stack(0x000000da6fc00000,0x000000da6fd00000) (1024K)]
  0x000002cefb38dac0 JavaThread "ForkJoinPool.commonPool-worker-3" daemon [_thread_blocked, id=17852, stack(0x000000da70800000,0x000000da70900000) (1024K)]
  0x000002cefb38c710 JavaThread "Cleaner-0"                  daemon [_thread_blocked, id=4072, stack(0x000000da6d200000,0x000000da6d300000) (1024K)]
  0x000002cefb38c080 JavaThread "Worker-5"                          [_thread_blocked, id=2348, stack(0x000000da6eb00000,0x000000da6ec00000) (1024K)]
  0x000002cefb38cda0 JavaThread "Compiler Processing Task"   daemon [_thread_blocked, id=1864, stack(0x000000da6ee00000,0x000000da6ef00000) (1024K)]
  0x000002cefb38e7e0 JavaThread "ForkJoinPool.commonPool-worker-4" daemon [_thread_blocked, id=10524, stack(0x000000da6f000000,0x000000da6f100000) (1024K)]
  0x000002cefb38a640 JavaThread "Worker-6"                          [_thread_blocked, id=1156, stack(0x000000da6d100000,0x000000da6d200000) (1024K)]
Total: 39

Other Threads:
  0x000002ceb115eb00 VMThread "VM Thread"                           [id=16068, stack(0x000000da6d600000,0x000000da6d700000) (1024K)]
  0x000002ce9cead080 WatcherThread "VM Periodic Task Thread"        [id=14208, stack(0x000000da6d500000,0x000000da6d600000) (1024K)]
  0x000002ce9ce61170 WorkerThread "GC Thread#0"                     [id=11536, stack(0x000000da6d400000,0x000000da6d500000) (1024K)]
  0x000002cef74dcc80 WorkerThread "GC Thread#1"                     [id=13308, stack(0x000000da6e200000,0x000000da6e300000) (1024K)]
  0x000002cef77bb460 WorkerThread "GC Thread#2"                     [id=18156, stack(0x000000da6e300000,0x000000da6e400000) (1024K)]
  0x000002cef77bfae0 WorkerThread "GC Thread#3"                     [id=6228, stack(0x000000da6e400000,0x000000da6e500000) (1024K)]
Total: 6

Threads with active compile tasks:
C2 CompilerThread0  747561 22141       4       org.eclipse.jdt.internal.core.index.DiskIndex::readChunk (266 bytes)
Total: 1

VM state: at safepoint (normal execution)

VM Mutex/Monitor currently owned by a thread:  ([mutex/lock_event])
[0x00007ffd0635e308] Threads_lock - owner thread: 0x000002ceb115eb00
[0x00007ffd0635e408] Heap_lock - owner thread: 0x000002cef7ee7150

Heap address: 0x00000000c0000000, size: 1024 MB, Compressed Oops mode: 32-bit

CDS archive(s) mapped at: [0x000002ceb2000000-0x000002ceb2ba0000-0x000002ceb2ba0000), size 12189696, SharedBaseAddress: 0x000002ceb2000000, ArchiveRelocationMode: 1.
Compressed class space mapped at: 0x000002ceb3000000-0x000002cef3000000, reserved size: 1073741824
Narrow klass base: 0x000002ceb2000000, Narrow klass shift: 0, Narrow klass range: 0x100000000

GC Precious Log:
 CardTable entry size: 512
 CPUs: 4 total, 4 available
 Memory: 12122M
 Large Page Support: Disabled
 NUMA Support: Disabled
 Compressed Oops: Enabled (32-bit)
 Alignments: Space 512K, Generation 512K, Heap 2M
 Heap Min Capacity: 100M
 Heap Initial Capacity: 100M
 Heap Max Capacity: 1G
 Pre-touch: Disabled
 Parallel Workers: 4

Heap:
 PSYoungGen      total 7680K, used 7626K [0x00000000eab00000, 0x00000000eb900000, 0x0000000100000000)
  eden space 3584K, 99% used [0x00000000eab00000,0x00000000eae7a810,0x00000000eae80000)
  from space 4096K, 99% used [0x00000000eb300000,0x00000000eb6f8000,0x00000000eb700000)
  to   space 4608K, 75% used [0x00000000eae80000,0x00000000eb1e9800,0x00000000eb300000)
 ParOldGen       total 669184K, used 669178K [0x00000000c0000000, 0x00000000e8d80000, 0x00000000eab00000)
  object space 669184K, 99% used [0x00000000c0000000,0x00000000e8d7e948,0x00000000e8d80000)
 Metaspace       used 87429K, committed 89088K, reserved 1179648K
  class space    used 8640K, committed 9408K, reserved 1048576K

Card table byte_map: [0x000002ce9c820000,0x000002ce9ca30000] _byte_map_base: 0x000002ce9c220000

Marking Bits: (ParMarkBitMap*) 0x00007ffd063631f0
 Begin Bits: [0x000002ceaf040000, 0x000002ceb0040000)
 End Bits:   [0x000002ceb0040000, 0x000002ceb1040000)

Polling page: 0x000002ce9c610000

Metaspace:

Usage:
  Non-class:     76.94 MB used.
      Class:      8.44 MB used.
       Both:     85.38 MB used.

Virtual space:
  Non-class space:      128.00 MB reserved,      77.81 MB ( 61%) committed,  2 nodes.
      Class space:        1.00 GB reserved,       9.19 MB ( <1%) committed,  1 nodes.
             Both:        1.12 GB reserved,      87.00 MB (  8%) committed. 

Chunk freelists:
   Non-Class:  2.22 MB
       Class:  6.72 MB
        Both:  8.94 MB

MaxMetaspaceSize: unlimited
CompressedClassSpaceSize: 1.00 GB
Initial GC threshold: 21.00 MB
Current GC threshold: 144.62 MB
CDS: on
 - commit_granule_bytes: 65536.
 - commit_granule_words: 8192.
 - virtual_space_node_default_size: 8388608.
 - enlarge_chunks_in_place: 1.
 - use_allocation_guard: 0.


Internal statistics:

num_allocs_failed_limit: 9.
num_arena_births: 1704.
num_arena_deaths: 18.
num_vsnodes_births: 3.
num_vsnodes_deaths: 0.
num_space_committed: 1392.
num_space_uncommitted: 0.
num_chunks_returned_to_freelist: 28.
num_chunks_taken_from_freelist: 5946.
num_chunk_merges: 12.
num_chunk_splits: 3579.
num_chunks_enlarged: 1953.
num_inconsistent_stats: 0.

CodeHeap 'non-profiled nmethods': size=120000Kb used=15195Kb max_used=15816Kb free=104804Kb
 bounds [0x000002cea7b10000, 0x000002cea8a90000, 0x000002ceaf040000]
CodeHeap 'profiled nmethods': size=120000Kb used=27023Kb max_used=37231Kb free=92976Kb
 bounds [0x000002cea0040000, 0x000002cea24a0000, 0x000002cea7570000]
CodeHeap 'non-nmethods': size=5760Kb used=1525Kb max_used=1626Kb free=4234Kb
 bounds [0x000002cea7570000, 0x000002cea77e0000, 0x000002cea7b10000]
 total_blobs=12619 nmethods=11773 adapters=747
 compilation: enabled
              stopped_count=0, restarted_count=0
 full_count=0

Compilation events (20 events):
Event: 746.257 Thread 0x000002ceb11ecf20 nmethod 22132 0x000002cea0515d90 code [0x000002cea0515f80, 0x000002cea05163f8]
Event: 746.303 Thread 0x000002ceb116f2f0 22133       4       org.eclipse.core.internal.events.ResourceDelta::getAffectedChildren (8 bytes)
Event: 746.303 Thread 0x000002ceb116f2f0 nmethod 22133 0x000002cea7e78d10 code [0x000002cea7e78ea0, 0x000002cea7e78f58]
Event: 746.846 Thread 0x000002ceb116f2f0 22134       4       org.eclipse.jdt.internal.compiler.ast.UnlikelyArgumentCheck::determineCheckForNonStaticSingleArgumentMethod (518 bytes)
Event: 746.847 Thread 0x000002ceb116f2f0 nmethod 22134 0x000002cea7c4af10 code [0x000002cea7c4b0c0, 0x000002cea7c4b290]
Event: 746.850 Thread 0x000002ceb116f2f0 22135       4       org.eclipse.jdt.internal.compiler.lookup.ModuleBinding$UnNamedModule::getAllRequiredModules (4 bytes)
Event: 746.850 Thread 0x000002ceb116f2f0 nmethod 22135 0x000002cea7efa490 code [0x000002cea7efa620, 0x000002cea7efa6b0]
Event: 747.412 Thread 0x000002ceb11ecf20 22136       3       org.eclipse.jdt.internal.core.JavaElementDelta::getAncestors (60 bytes)
Event: 747.412 Thread 0x000002ceb11ecf20 nmethod 22136 0x000002cea1622510 code [0x000002cea1622780, 0x000002cea16234f0]
Event: 747.413 Thread 0x000002ceb11ecf20 22137       1       org.eclipse.core.internal.resources.Workspace::internalGetDescription (5 bytes)
Event: 747.414 Thread 0x000002ceb11ecf20 nmethod 22137 0x000002cea7eff890 code [0x000002cea7effa20, 0x000002cea7effae8]
Event: 747.414 Thread 0x000002ceb11ecf20 22138   !   3       org.eclipse.core.internal.content.LazyInputStream::ensureAvailable (67 bytes)
Event: 747.415 Thread 0x000002ceb11ecf20 nmethod 22138 0x000002cea137d910 code [0x000002cea137db00, 0x000002cea137deb0]
Event: 747.415 Thread 0x000002ceb11ecf20 22139       3       org.eclipse.core.internal.content.LazyInputStream::getCurrentBlockIndex (14 bytes)
Event: 747.415 Thread 0x000002ceb11ecf20 nmethod 22139 0x000002cea0eb9a90 code [0x000002cea0eb9c60, 0x000002cea0eb9ef8]
Event: 747.415 Thread 0x000002ceb11ecf20 22140       3       java.lang.Math::toIntExact (21 bytes)
Event: 747.415 Thread 0x000002ceb116f2f0 22141       4       org.eclipse.jdt.internal.core.index.DiskIndex::readChunk (266 bytes)
Event: 747.415 Thread 0x000002ceb11ecf20 nmethod 22140 0x000002cea0622f10 code [0x000002cea06230c0, 0x000002cea06232b0]
Event: 747.416 Thread 0x000002ceb11ecf20 22143       3       org.eclipse.core.internal.resources.Resource::getPropertyManager (8 bytes)
Event: 747.416 Thread 0x000002ceb11ecf20 nmethod 22143 0x000002cea031d890 code [0x000002cea031da20, 0x000002cea031db50]

GC Heap History (20 events):
Event: 746.227 GC heap after
{Heap after GC invocations=2463 (full 10):
 PSYoungGen      total 3072K, used 928K [0x00000000eab00000, 0x00000000eb100000, 0x0000000100000000)
  eden space 2048K, 0% used [0x00000000eab00000,0x00000000eab00000,0x00000000ead00000)
  from space 1024K, 90% used [0x00000000eb000000,0x00000000eb0e8010,0x00000000eb100000)
  to   space 1024K, 0% used [0x00000000eaf00000,0x00000000eaf00000,0x00000000eb000000)
 ParOldGen       total 629760K, used 629454K [0x00000000c0000000, 0x00000000e6700000, 0x00000000eab00000)
  object space 629760K, 99% used [0x00000000c0000000,0x00000000e66b38f8,0x00000000e6700000)
 Metaspace       used 87426K, committed 89088K, reserved 1179648K
  class space    used 8640K, committed 9408K, reserved 1048576K
}
Event: 746.231 GC heap before
{Heap before GC invocations=2464 (full 10):
 PSYoungGen      total 3072K, used 2831K [0x00000000eab00000, 0x00000000eb100000, 0x0000000100000000)
  eden space 2048K, 92% used [0x00000000eab00000,0x00000000eacdbc68,0x00000000ead00000)
  from space 1024K, 90% used [0x00000000eb000000,0x00000000eb0e8010,0x00000000eb100000)
  to   space 1024K, 0% used [0x00000000eaf00000,0x00000000eaf00000,0x00000000eb000000)
 ParOldGen       total 629760K, used 629454K [0x00000000c0000000, 0x00000000e6700000, 0x00000000eab00000)
  object space 629760K, 99% used [0x00000000c0000000,0x00000000e66b38f8,0x00000000e6700000)
 Metaspace       used 87426K, committed 89088K, reserved 1179648K
  class space    used 8640K, committed 9408K, reserved 1048576K
}
Event: 746.233 GC heap after
{Heap after GC invocations=2464 (full 10):
 PSYoungGen      total 3584K, used 1022K [0x00000000eab00000, 0x00000000eb380000, 0x0000000100000000)
  eden space 2560K, 0% used [0x00000000eab00000,0x00000000eab00000,0x00000000ead80000)
  from space 1024K, 99% used [0x00000000eaf00000,0x00000000eafffbe0,0x00000000eb000000)
  to   space 3072K, 0% used [0x00000000eb080000,0x00000000eb080000,0x00000000eb380000)
 ParOldGen       total 631296K, used 631142K [0x00000000c0000000, 0x00000000e6880000, 0x00000000eab00000)
  object space 631296K, 99% used [0x00000000c0000000,0x00000000e6859918,0x00000000e6880000)
 Metaspace       used 87426K, committed 89088K, reserved 1179648K
  class space    used 8640K, committed 9408K, reserved 1048576K
}
Event: 746.242 GC heap before
{Heap before GC invocations=2465 (full 10):
 PSYoungGen      total 3584K, used 3582K [0x00000000eab00000, 0x00000000eb380000, 0x0000000100000000)
  eden space 2560K, 100% used [0x00000000eab00000,0x00000000ead80000,0x00000000ead80000)
  from space 1024K, 99% used [0x00000000eaf00000,0x00000000eafffbe0,0x00000000eb000000)
  to   space 3072K, 0% used [0x00000000eb080000,0x00000000eb080000,0x00000000eb380000)
 ParOldGen       total 631296K, used 631142K [0x00000000c0000000, 0x00000000e6880000, 0x00000000eab00000)
  object space 631296K, 99% used [0x00000000c0000000,0x00000000e6859918,0x00000000e6880000)
 Metaspace       used 87426K, committed 89088K, reserved 1179648K
  class space    used 8640K, committed 9408K, reserved 1048576K
}
Event: 746.244 GC heap after
{Heap after GC invocations=2465 (full 10):
 PSYoungGen      total 5632K, used 1688K [0x00000000eab00000, 0x00000000eb300000, 0x0000000100000000)
  eden space 3072K, 0% used [0x00000000eab00000,0x00000000eab00000,0x00000000eae00000)
  from space 2560K, 65% used [0x00000000eb080000,0x00000000eb2260b0,0x00000000eb300000)
  to   space 2560K, 0% used [0x00000000eae00000,0x00000000eae00000,0x00000000eb080000)
 ParOldGen       total 632320K, used 632169K [0x00000000c0000000, 0x00000000e6980000, 0x00000000eab00000)
  object space 632320K, 99% used [0x00000000c0000000,0x00000000e695a418,0x00000000e6980000)
 Metaspace       used 87426K, committed 89088K, reserved 1179648K
  class space    used 8640K, committed 9408K, reserved 1048576K
}
Event: 746.425 GC heap before
{Heap before GC invocations=2466 (full 10):
 PSYoungGen      total 5632K, used 4760K [0x00000000eab00000, 0x00000000eb300000, 0x0000000100000000)
  eden space 3072K, 100% used [0x00000000eab00000,0x00000000eae00000,0x00000000eae00000)
  from space 2560K, 65% used [0x00000000eb080000,0x00000000eb2260b0,0x00000000eb300000)
  to   space 2560K, 0% used [0x00000000eae00000,0x00000000eae00000,0x00000000eb080000)
 ParOldGen       total 664064K, used 662889K [0x00000000c0000000, 0x00000000e8880000, 0x00000000eab00000)
  object space 664064K, 99% used [0x00000000c0000000,0x00000000e875a448,0x00000000e8880000)
 Metaspace       used 87427K, committed 89088K, reserved 1179648K
  class space    used 8640K, committed 9408K, reserved 1048576K
}
Event: 746.427 GC heap after
{Heap after GC invocations=2466 (full 10):
 PSYoungGen      total 3584K, used 192K [0x00000000eab00000, 0x00000000eb100000, 0x0000000100000000)
  eden space 3072K, 0% used [0x00000000eab00000,0x00000000eab00000,0x00000000eae00000)
  from space 512K, 37% used [0x00000000eae00000,0x00000000eae30000,0x00000000eae80000)
  to   space 1024K, 0% used [0x00000000eb000000,0x00000000eb000000,0x00000000eb100000)
 ParOldGen       total 664064K, used 663577K [0x00000000c0000000, 0x00000000e8880000, 0x00000000eab00000)
  object space 664064K, 99% used [0x00000000c0000000,0x00000000e8806448,0x00000000e8880000)
 Metaspace       used 87427K, committed 89088K, reserved 1179648K
  class space    used 8640K, committed 9408K, reserved 1048576K
}
Event: 746.432 GC heap before
{Heap before GC invocations=2467 (full 10):
 PSYoungGen      total 3584K, used 3264K [0x00000000eab00000, 0x00000000eb100000, 0x0000000100000000)
  eden space 3072K, 100% used [0x00000000eab00000,0x00000000eae00000,0x00000000eae00000)
  from space 512K, 37% used [0x00000000eae00000,0x00000000eae30000,0x00000000eae80000)
  to   space 1024K, 0% used [0x00000000eb000000,0x00000000eb000000,0x00000000eb100000)
 ParOldGen       total 664064K, used 663577K [0x00000000c0000000, 0x00000000e8880000, 0x00000000eab00000)
  object space 664064K, 99% used [0x00000000c0000000,0x00000000e8806448,0x00000000e8880000)
 Metaspace       used 87427K, committed 89088K, reserved 1179648K
  class space    used 8640K, committed 9408K, reserved 1048576K
}
Event: 746.433 GC heap after
{Heap after GC invocations=2467 (full 10):
 PSYoungGen      total 5120K, used 586K [0x00000000eab00000, 0x00000000eb100000, 0x0000000100000000)
  eden space 4096K, 0% used [0x00000000eab00000,0x00000000eab00000,0x00000000eaf00000)
  from space 1024K, 57% used [0x00000000eb000000,0x00000000eb092910,0x00000000eb100000)
  to   space 1024K, 0% used [0x00000000eaf00000,0x00000000eaf00000,0x00000000eb000000)
 ParOldGen       total 664064K, used 663697K [0x00000000c0000000, 0x00000000e8880000, 0x00000000eab00000)
  object space 664064K, 99% used [0x00000000c0000000,0x00000000e8824448,0x00000000e8880000)
 Metaspace       used 87427K, committed 89088K, reserved 1179648K
  class space    used 8640K, committed 9408K, reserved 1048576K
}
Event: 746.843 GC heap before
{Heap before GC invocations=2468 (full 10):
 PSYoungGen      total 5120K, used 4682K [0x00000000eab00000, 0x00000000eb100000, 0x0000000100000000)
  eden space 4096K, 100% used [0x00000000eab00000,0x00000000eaf00000,0x00000000eaf00000)
  from space 1024K, 57% used [0x00000000eb000000,0x00000000eb092910,0x00000000eb100000)
  to   space 1024K, 0% used [0x00000000eaf00000,0x00000000eaf00000,0x00000000eb000000)
 ParOldGen       total 664064K, used 663697K [0x00000000c0000000, 0x00000000e8880000, 0x00000000eab00000)
  object space 664064K, 99% used [0x00000000c0000000,0x00000000e8824448,0x00000000e8880000)
 Metaspace       used 87427K, committed 89088K, reserved 1179648K
  class space    used 8640K, committed 9408K, reserved 1048576K
}
Event: 746.845 GC heap after
{Heap after GC invocations=2468 (full 10):
 PSYoungGen      total 5120K, used 624K [0x00000000eab00000, 0x00000000eb200000, 0x0000000100000000)
  eden space 4096K, 0% used [0x00000000eab00000,0x00000000eab00000,0x00000000eaf00000)
  from space 1024K, 60% used [0x00000000eaf00000,0x00000000eaf9c010,0x00000000eb000000)
  to   space 1024K, 0% used [0x00000000eb100000,0x00000000eb100000,0x00000000eb200000)
 ParOldGen       total 664576K, used 664221K [0x00000000c0000000, 0x00000000e8900000, 0x00000000eab00000)
  object space 664576K, 99% used [0x00000000c0000000,0x00000000e88a7658,0x00000000e8900000)
 Metaspace       used 87427K, committed 89088K, reserved 1179648K
  class space    used 8640K, committed 9408K, reserved 1048576K
}
Event: 747.409 GC heap before
{Heap before GC invocations=2469 (full 10):
 PSYoungGen      total 5120K, used 4720K [0x00000000eab00000, 0x00000000eb200000, 0x0000000100000000)
  eden space 4096K, 100% used [0x00000000eab00000,0x00000000eaf00000,0x00000000eaf00000)
  from space 1024K, 60% used [0x00000000eaf00000,0x00000000eaf9c010,0x00000000eb000000)
  to   space 1024K, 0% used [0x00000000eb100000,0x00000000eb100000,0x00000000eb200000)
 ParOldGen       total 664576K, used 664221K [0x00000000c0000000, 0x00000000e8900000, 0x00000000eab00000)
  object space 664576K, 99% used [0x00000000c0000000,0x00000000e88a7658,0x00000000e8900000)
 Metaspace       used 87427K, committed 89088K, reserved 1179648K
  class space    used 8640K, committed 9408K, reserved 1048576K
}
Event: 747.411 GC heap after
{Heap after GC invocations=2469 (full 10):
 PSYoungGen      total 4608K, used 96K [0x00000000eab00000, 0x00000000eb180000, 0x0000000100000000)
  eden space 4096K, 0% used [0x00000000eab00000,0x00000000eab00000,0x00000000eaf00000)
  from space 512K, 18% used [0x00000000eb100000,0x00000000eb118000,0x00000000eb180000)
  to   space 512K, 0% used [0x00000000eb080000,0x00000000eb080000,0x00000000eb100000)
 ParOldGen       total 664576K, used 664285K [0x00000000c0000000, 0x00000000e8900000, 0x00000000eab00000)
  object space 664576K, 99% used [0x00000000c0000000,0x00000000e88b7658,0x00000000e8900000)
 Metaspace       used 87427K, committed 89088K, reserved 1179648K
  class space    used 8640K, committed 9408K, reserved 1048576K
}
Event: 747.424 GC heap before
{Heap before GC invocations=2470 (full 10):
 PSYoungGen      total 4608K, used 4192K [0x00000000eab00000, 0x00000000eb180000, 0x0000000100000000)
  eden space 4096K, 100% used [0x00000000eab00000,0x00000000eaf00000,0x00000000eaf00000)
  from space 512K, 18% used [0x00000000eb100000,0x00000000eb118000,0x00000000eb180000)
  to   space 512K, 0% used [0x00000000eb080000,0x00000000eb080000,0x00000000eb100000)
 ParOldGen       total 664576K, used 664285K [0x00000000c0000000, 0x00000000e8900000, 0x00000000eab00000)
  object space 664576K, 99% used [0x00000000c0000000,0x00000000e88b7658,0x00000000e8900000)
 Metaspace       used 87429K, committed 89088K, reserved 1179648K
  class space    used 8640K, committed 9408K, reserved 1048576K
}
Event: 747.428 GC heap after
{Heap after GC invocations=2470 (full 10):
 PSYoungGen      total 4608K, used 512K [0x00000000eab00000, 0x00000000eb700000, 0x0000000100000000)
  eden space 4096K, 0% used [0x00000000eab00000,0x00000000eab00000,0x00000000eaf00000)
  from space 512K, 100% used [0x00000000eb080000,0x00000000eb100000,0x00000000eb100000)
  to   space 4096K, 0% used [0x00000000eb300000,0x00000000eb300000,0x00000000eb700000)
 ParOldGen       total 667136K, used 666978K [0x00000000c0000000, 0x00000000e8b80000, 0x00000000eab00000)
  object space 667136K, 99% used [0x00000000c0000000,0x00000000e8b58938,0x00000000e8b80000)
 Metaspace       used 87429K, committed 89088K, reserved 1179648K
  class space    used 8640K, committed 9408K, reserved 1048576K
}
Event: 747.440 GC heap before
{Heap before GC invocations=2471 (full 10):
 PSYoungGen      total 4608K, used 4608K [0x00000000eab00000, 0x00000000eb700000, 0x0000000100000000)
  eden space 4096K, 100% used [0x00000000eab00000,0x00000000eaf00000,0x00000000eaf00000)
  from space 512K, 100% used [0x00000000eb080000,0x00000000eb100000,0x00000000eb100000)
  to   space 4096K, 0% used [0x00000000eb300000,0x00000000eb300000,0x00000000eb700000)
 ParOldGen       total 667136K, used 666978K [0x00000000c0000000, 0x00000000e8b80000, 0x00000000eab00000)
  object space 667136K, 99% used [0x00000000c0000000,0x00000000e8b58938,0x00000000e8b80000)
 Metaspace       used 87429K, committed 89088K, reserved 1179648K
  class space    used 8640K, committed 9408K, reserved 1048576K
}
Event: 747.448 GC heap after
{Heap after GC invocations=2471 (full 10):
 PSYoungGen      total 7680K, used 4064K [0x00000000eab00000, 0x00000000eb900000, 0x0000000100000000)
  eden space 3584K, 0% used [0x00000000eab00000,0x00000000eab00000,0x00000000eae80000)
  from space 4096K, 99% used [0x00000000eb300000,0x00000000eb6f8000,0x00000000eb700000)
  to   space 4608K, 0% used [0x00000000eae80000,0x00000000eae80000,0x00000000eb300000)
 ParOldGen       total 667648K, used 667514K [0x00000000c0000000, 0x00000000e8c00000, 0x00000000eab00000)
  object space 667648K, 99% used [0x00000000c0000000,0x00000000e8bde948,0x00000000e8c00000)
 Metaspace       used 87429K, committed 89088K, reserved 1179648K
  class space    used 8640K, committed 9408K, reserved 1048576K
}
Event: 747.460 GC heap before
{Heap before GC invocations=2472 (full 10):
 PSYoungGen      total 7680K, used 7626K [0x00000000eab00000, 0x00000000eb900000, 0x0000000100000000)
  eden space 3584K, 99% used [0x00000000eab00000,0x00000000eae7a810,0x00000000eae80000)
  from space 4096K, 99% used [0x00000000eb300000,0x00000000eb6f8000,0x00000000eb700000)
  to   space 4608K, 0% used [0x00000000eae80000,0x00000000eae80000,0x00000000eb300000)
 ParOldGen       total 667648K, used 667514K [0x00000000c0000000, 0x00000000e8c00000, 0x00000000eab00000)
  object space 667648K, 99% used [0x00000000c0000000,0x00000000e8bde948,0x00000000e8c00000)
 Metaspace       used 87429K, committed 89088K, reserved 1179648K
  class space    used 8640K, committed 9408K, reserved 1048576K
}
Event: 747.465 GC heap after
{Heap after GC invocations=2472 (full 10):
 PSYoungGen      total 7680K, used 7626K [0x00000000eab00000, 0x00000000eb900000, 0x0000000100000000)
  eden space 3584K, 99% used [0x00000000eab00000,0x00000000eae7a810,0x00000000eae80000)
  from space 4096K, 99% used [0x00000000eb300000,0x00000000eb6f8000,0x00000000eb700000)
  to   space 4608K, 75% used [0x00000000eae80000,0x00000000eb1e9800,0x00000000eb300000)
 ParOldGen       total 669184K, used 669178K [0x00000000c0000000, 0x00000000e8d80000, 0x00000000eab00000)
  object space 669184K, 99% used [0x00000000c0000000,0x00000000e8d7e948,0x00000000e8d80000)
 Metaspace       used 87429K, committed 89088K, reserved 1179648K
  class space    used 8640K, committed 9408K, reserved 1048576K
}
Event: 747.465 GC heap before
{Heap before GC invocations=2473 (full 11):
 PSYoungGen      total 7680K, used 7626K [0x00000000eab00000, 0x00000000eb900000, 0x0000000100000000)
  eden space 3584K, 99% used [0x00000000eab00000,0x00000000eae7a810,0x00000000eae80000)
  from space 4096K, 99% used [0x00000000eb300000,0x00000000eb6f8000,0x00000000eb700000)
  to   space 4608K, 75% used [0x00000000eae80000,0x00000000eb1e9800,0x00000000eb300000)
 ParOldGen       total 669184K, used 669178K [0x00000000c0000000, 0x00000000e8d80000, 0x00000000eab00000)
  object space 669184K, 99% used [0x00000000c0000000,0x00000000e8d7e948,0x00000000e8d80000)
 Metaspace       used 87429K, committed 89088K, reserved 1179648K
  class space    used 8640K, committed 9408K, reserved 1048576K
}

Dll operation events (12 events):
Event: 0.015 Loaded shared library c:\Users\lucca\.vscode\extensions\redhat.java-1.42.0-win32-x64\jre\21.0.7-win32-x86_64\bin\java.dll
Event: 0.128 Loaded shared library c:\Users\lucca\.vscode\extensions\redhat.java-1.42.0-win32-x64\jre\21.0.7-win32-x86_64\bin\zip.dll
Event: 0.156 Loaded shared library C:\Users\lucca\.vscode\extensions\redhat.java-1.42.0-win32-x64\jre\21.0.7-win32-x86_64\bin\instrument.dll
Event: 0.166 Loaded shared library C:\Users\lucca\.vscode\extensions\redhat.java-1.42.0-win32-x64\jre\21.0.7-win32-x86_64\bin\net.dll
Event: 0.169 Loaded shared library C:\Users\lucca\.vscode\extensions\redhat.java-1.42.0-win32-x64\jre\21.0.7-win32-x86_64\bin\nio.dll
Event: 0.173 Loaded shared library C:\Users\lucca\.vscode\extensions\redhat.java-1.42.0-win32-x64\jre\21.0.7-win32-x86_64\bin\zip.dll
Event: 0.193 Loaded shared library C:\Users\lucca\.vscode\extensions\redhat.java-1.42.0-win32-x64\jre\21.0.7-win32-x86_64\bin\jimage.dll
Event: 0.334 Loaded shared library c:\Users\lucca\.vscode\extensions\redhat.java-1.42.0-win32-x64\jre\21.0.7-win32-x86_64\bin\verify.dll
Event: 3.435 Loaded shared library C:\Users\lucca\AppData\Roaming\Code\User\globalStorage\redhat.java\1.42.0\config_win\org.eclipse.equinox.launcher\org.eclipse.equinox.launcher.win32.win32.x86_64_1.2.1300.v20250331-1702\eclipse_11911.dll
Event: 7.960 Loaded shared library C:\Users\lucca\AppData\Local\Temp\jna-103324120\jna5348797449980056946.dll
Event: 22.642 Loaded shared library C:\Users\lucca\.vscode\extensions\redhat.java-1.42.0-win32-x64\jre\21.0.7-win32-x86_64\bin\sunmscapi.dll
Event: 23.519 Loaded shared library C:\Users\lucca\.vscode\extensions\redhat.java-1.42.0-win32-x64\jre\21.0.7-win32-x86_64\bin\extnet.dll

Deoptimization events (20 events):
Event: 745.349 Thread 0x000002cefb38dac0 DEOPT PACKING pc=0x000002cea856fe34 sp=0x000000da708fe080
Event: 745.349 Thread 0x000002cefb38dac0 DEOPT UNPACKING pc=0x000002cea75c3aa2 sp=0x000000da708fe038 mode 2
Event: 745.349 Thread 0x000002cefb38dac0 Uncommon trap: trap_request=0xffffffc6 fr.pc=0x000002cea83ef9dc relative=0x000000000000029c
Event: 745.349 Thread 0x000002cefb38dac0 Uncommon trap: reason=bimorphic_or_optimized_type_check action=maybe_recompile pc=0x000002cea83ef9dc method=java.util.stream.AbstractPipeline.spliterator()Ljava/util/Spliterator; @ 112 c2
Event: 745.349 Thread 0x000002cefb38dac0 DEOPT PACKING pc=0x000002cea83ef9dc sp=0x000000da708fe020
Event: 745.349 Thread 0x000002cefb38dac0 DEOPT UNPACKING pc=0x000002cea75c3aa2 sp=0x000000da708fdfb0 mode 2
Event: 745.349 Thread 0x000002cefb38dac0 Uncommon trap: trap_request=0xffffffc6 fr.pc=0x000002cea7b669d0 relative=0x0000000000000110
Event: 745.349 Thread 0x000002cefb38dac0 Uncommon trap: reason=bimorphic_or_optimized_type_check action=maybe_recompile pc=0x000002cea7b669d0 method=java.util.stream.Streams$ConcatSpliterator.characteristics()I @ 11 c2
Event: 745.349 Thread 0x000002cefb38dac0 DEOPT PACKING pc=0x000002cea7b669d0 sp=0x000000da708fdff0
Event: 745.349 Thread 0x000002cefb38dac0 DEOPT UNPACKING pc=0x000002cea75c3aa2 sp=0x000000da708fdf88 mode 2
Event: 745.349 Thread 0x000002cefb38dac0 Uncommon trap: trap_request=0xffffffc6 fr.pc=0x000002cea7b669d0 relative=0x0000000000000110
Event: 745.349 Thread 0x000002cefb38dac0 Uncommon trap: reason=bimorphic_or_optimized_type_check action=maybe_recompile pc=0x000002cea7b669d0 method=java.util.stream.Streams$ConcatSpliterator.characteristics()I @ 11 c2
Event: 745.349 Thread 0x000002cefb38dac0 DEOPT PACKING pc=0x000002cea7b669d0 sp=0x000000da708fe040
Event: 745.349 Thread 0x000002cefb38dac0 DEOPT UNPACKING pc=0x000002cea75c3aa2 sp=0x000000da708fdfd8 mode 2
Event: 745.349 Thread 0x000002cefb38dac0 Uncommon trap: trap_request=0xffffffc6 fr.pc=0x000002cea7e82534 relative=0x0000000000000614
Event: 745.349 Thread 0x000002cefb38dac0 Uncommon trap: reason=bimorphic_or_optimized_type_check action=maybe_recompile pc=0x000002cea7e82534 method=java.util.stream.Streams$ConcatSpliterator.forEachRemaining(Ljava/util/function/Consumer;)V @ 12 c2
Event: 745.349 Thread 0x000002cefb38dac0 DEOPT PACKING pc=0x000002cea7e82534 sp=0x000000da708fe030
Event: 745.349 Thread 0x000002cefb38dac0 DEOPT UNPACKING pc=0x000002cea75c3aa2 sp=0x000000da708fdfe8 mode 2
Event: 747.415 Thread 0x000002cef7ee7150 DEOPT PACKING pc=0x000002cea17b4779 sp=0x000000da6f1fedf0
Event: 747.415 Thread 0x000002cef7ee7150 DEOPT UNPACKING pc=0x000002cea75c4242 sp=0x000000da6f1fe498 mode 0

Classes loaded (20 events):
Event: 328.371 Loading class java/util/stream/Nodes$AbstractConcNode done
Event: 328.371 Loading class java/util/stream/Nodes$ConcNode done
Event: 328.377 Loading class java/io/ObjectOutputStream$BlockDataOutputStream
Event: 328.377 Loading class java/io/ObjectOutputStream$BlockDataOutputStream done
Event: 328.377 Loading class java/io/ObjectOutputStream$HandleTable
Event: 328.377 Loading class java/io/ObjectOutputStream$HandleTable done
Event: 328.377 Loading class java/io/ObjectOutputStream$ReplaceTable
Event: 328.378 Loading class java/io/ObjectOutputStream$ReplaceTable done
Event: 368.923 Loading class java/util/stream/ReferencePipeline$15
Event: 368.923 Loading class java/util/stream/ReferencePipeline$15 done
Event: 368.924 Loading class java/util/stream/ReferencePipeline$15$1
Event: 368.924 Loading class java/util/stream/ReferencePipeline$15$1 done
Event: 368.944 Loading class java/util/Collections$EmptyListIterator
Event: 368.944 Loading class java/util/Collections$EmptyListIterator done
Event: 562.567 Loading class java/nio/channels/CompletionHandler
Event: 562.567 Loading class java/nio/channels/CompletionHandler done
Event: 586.624 Loading class java/util/Spliterators$IntArraySpliterator
Event: 586.625 Loading class java/util/Spliterators$IntArraySpliterator done
Event: 601.311 Loading class java/util/HashMap$EntrySpliterator
Event: 601.311 Loading class java/util/HashMap$EntrySpliterator done

Classes unloaded (9 events):
Event: 9.868 Thread 0x000002ceb115eb00 Unloading class 0x000002ceb31a4400 'java/lang/invoke/LambdaForm$MH+0x000002ceb31a4400'
Event: 9.868 Thread 0x000002ceb115eb00 Unloading class 0x000002ceb31a4000 'java/lang/invoke/LambdaForm$MH+0x000002ceb31a4000'
Event: 9.868 Thread 0x000002ceb115eb00 Unloading class 0x000002ceb31a3c00 'java/lang/invoke/LambdaForm$MH+0x000002ceb31a3c00'
Event: 9.868 Thread 0x000002ceb115eb00 Unloading class 0x000002ceb31a3800 'java/lang/invoke/LambdaForm$MH+0x000002ceb31a3800'
Event: 9.868 Thread 0x000002ceb115eb00 Unloading class 0x000002ceb31a3400 'java/lang/invoke/LambdaForm$BMH+0x000002ceb31a3400'
Event: 9.868 Thread 0x000002ceb115eb00 Unloading class 0x000002ceb31a3000 'java/lang/invoke/LambdaForm$DMH+0x000002ceb31a3000'
Event: 9.868 Thread 0x000002ceb115eb00 Unloading class 0x000002ceb31a1c00 'java/lang/invoke/LambdaForm$DMH+0x000002ceb31a1c00'
Event: 118.212 Thread 0x000002ceb115eb00 Unloading class 0x000002ceb3720800 'java/lang/invoke/LambdaForm$DMH+0x000002ceb3720800'
Event: 118.212 Thread 0x000002ceb115eb00 Unloading class 0x000002ceb3720400 'java/lang/invoke/LambdaForm$DMH+0x000002ceb3720400'

Classes redefined (0 events):
No events

Internal exceptions (20 events):
Event: 662.333 Thread 0x000002cefa00b670 Implicit null exception at 0x000002cea82331e0 to 0x000002cea8233260
Event: 662.461 Thread 0x000002cefb38e7e0 Exception <a 'java/lang/NoSuchMethodError'{0x00000000ead1dc00}: 'java.lang.Object java.lang.invoke.DirectMethodHandle$Holder.newInvokeSpecial(java.lang.Object, java.lang.Object, int, java.lang.Object, java.lang.Object, java.lang.Object, java.lang.Object)'> (0x00000000ead1dc00) 
thrown [s\src\hotspot\share\interpreter\linkResolver.cpp, line 773]
Event: 686.771 Thread 0x000002cefa00b670 Implicit null exception at 0x000002cea89ffd96 to 0x000002cea8a04bc0
Event: 687.933 Thread 0x000002cef7ee7150 Exception <a 'sun/nio/fs/WindowsException'{0x00000000ead94400}> (0x00000000ead94400) 
thrown [s\src\hotspot\share\prims\jni.cpp, line 520]
Event: 688.319 Thread 0x000002cef7ee7150 Exception <a 'sun/nio/fs/WindowsException'{0x00000000eab49c68}> (0x00000000eab49c68) 
thrown [s\src\hotspot\share\prims\jni.cpp, line 520]
Event: 693.967 Thread 0x000002cef7ee7150 Exception <a 'sun/nio/fs/WindowsException'{0x00000000eab2c470}> (0x00000000eab2c470) 
thrown [s\src\hotspot\share\prims\jni.cpp, line 520]
Event: 694.095 Thread 0x000002cef7ee7150 Exception <a 'sun/nio/fs/WindowsException'{0x00000000eab19930}> (0x00000000eab19930) 
thrown [s\src\hotspot\share\prims\jni.cpp, line 520]
Event: 704.932 Thread 0x000002cef7ee7150 Exception <a 'sun/nio/fs/WindowsException'{0x00000000eae27bd0}> (0x00000000eae27bd0) 
thrown [s\src\hotspot\share\prims\jni.cpp, line 520]
Event: 705.066 Thread 0x000002cef7ee7150 Exception <a 'sun/nio/fs/WindowsException'{0x00000000eab02980}> (0x00000000eab02980) 
thrown [s\src\hotspot\share\prims\jni.cpp, line 520]
Event: 714.697 Thread 0x000002cef7ee7150 Exception <a 'sun/nio/fs/WindowsException'{0x00000000eab88440}> (0x00000000eab88440) 
thrown [s\src\hotspot\share\prims\jni.cpp, line 520]
Event: 714.830 Thread 0x000002cef7ee7150 Exception <a 'sun/nio/fs/WindowsException'{0x00000000eabed668}> (0x00000000eabed668) 
thrown [s\src\hotspot\share\prims\jni.cpp, line 520]
Event: 714.897 Thread 0x000002cefa006e40 Implicit null exception at 0x000002cea834a04c to 0x000002cea834a7f4
Event: 724.099 Thread 0x000002cef7ee7150 Exception <a 'sun/nio/fs/WindowsException'{0x00000000ead731f8}> (0x00000000ead731f8) 
thrown [s\src\hotspot\share\prims\jni.cpp, line 520]
Event: 724.261 Thread 0x000002cef7ee7150 Exception <a 'sun/nio/fs/WindowsException'{0x00000000eabe7328}> (0x00000000eabe7328) 
thrown [s\src\hotspot\share\prims\jni.cpp, line 520]
Event: 731.463 Thread 0x000002cef7ee7150 Exception <a 'sun/nio/fs/WindowsException'{0x00000000eaf6dd48}> (0x00000000eaf6dd48) 
thrown [s\src\hotspot\share\prims\jni.cpp, line 520]
Event: 731.647 Thread 0x000002cef7ee7150 Exception <a 'sun/nio/fs/WindowsException'{0x00000000eac34560}> (0x00000000eac34560) 
thrown [s\src\hotspot\share\prims\jni.cpp, line 520]
Event: 745.319 Thread 0x000002cefb38dac0 Implicit null exception at 0x000002cea7cf45ef to 0x000002cea7cf6d88
Event: 746.106 Thread 0x000002cef7ee7150 Exception <a 'sun/nio/fs/WindowsException'{0x00000000eab2d080}> (0x00000000eab2d080) 
thrown [s\src\hotspot\share\prims\jni.cpp, line 520]
Event: 746.255 Thread 0x000002cef7ee7150 Exception <a 'sun/nio/fs/WindowsException'{0x00000000eab88420}> (0x00000000eab88420) 
thrown [s\src\hotspot\share\prims\jni.cpp, line 520]
Event: 747.414 Thread 0x000002cef7ee7150 Exception <a 'sun/nio/fs/WindowsException'{0x00000000eab47048}> (0x00000000eab47048) 
thrown [s\src\hotspot\share\prims\jni.cpp, line 520]

ZGC Phase Switch (0 events):
No events

VM Operations (20 events):
Event: 746.216 Executing VM operation: ParallelGCFailedAllocation (Allocation Failure) done
Event: 746.224 Executing VM operation: ParallelGCFailedAllocation (Allocation Failure)
Event: 746.227 Executing VM operation: ParallelGCFailedAllocation (Allocation Failure) done
Event: 746.231 Executing VM operation: ParallelGCFailedAllocation (Allocation Failure)
Event: 746.233 Executing VM operation: ParallelGCFailedAllocation (Allocation Failure) done
Event: 746.241 Executing VM operation: ParallelGCFailedAllocation (Allocation Failure)
Event: 746.244 Executing VM operation: ParallelGCFailedAllocation (Allocation Failure) done
Event: 746.425 Executing VM operation: ParallelGCFailedAllocation (Allocation Failure)
Event: 746.427 Executing VM operation: ParallelGCFailedAllocation (Allocation Failure) done
Event: 746.432 Executing VM operation: ParallelGCFailedAllocation (Allocation Failure)
Event: 746.433 Executing VM operation: ParallelGCFailedAllocation (Allocation Failure) done
Event: 746.843 Executing VM operation: ParallelGCFailedAllocation (Allocation Failure)
Event: 746.845 Executing VM operation: ParallelGCFailedAllocation (Allocation Failure) done
Event: 747.409 Executing VM operation: ParallelGCFailedAllocation (Allocation Failure)
Event: 747.411 Executing VM operation: ParallelGCFailedAllocation (Allocation Failure) done
Event: 747.424 Executing VM operation: ParallelGCFailedAllocation (Allocation Failure)
Event: 747.428 Executing VM operation: ParallelGCFailedAllocation (Allocation Failure) done
Event: 747.440 Executing VM operation: ParallelGCFailedAllocation (Allocation Failure)
Event: 747.448 Executing VM operation: ParallelGCFailedAllocation (Allocation Failure) done
Event: 747.460 Executing VM operation: ParallelGCFailedAllocation (Allocation Failure)

Memory protections (0 events):
No events

Nmethod flushes (20 events):
Event: 688.213 Thread 0x000002ceb115eb00 flushing  nmethod 0x000002cea235a990
Event: 688.213 Thread 0x000002ceb115eb00 flushing  nmethod 0x000002cea235c390
Event: 688.213 Thread 0x000002ceb115eb00 flushing  nmethod 0x000002cea235d590
Event: 688.213 Thread 0x000002ceb115eb00 flushing  nmethod 0x000002cea2367790
Event: 688.213 Thread 0x000002ceb115eb00 flushing  nmethod 0x000002cea2368590
Event: 688.213 Thread 0x000002ceb115eb00 flushing  nmethod 0x000002cea236f710
Event: 688.213 Thread 0x000002ceb115eb00 flushing  nmethod 0x000002cea2393810
Event: 688.213 Thread 0x000002ceb115eb00 flushing  nmethod 0x000002cea239ec10
Event: 688.213 Thread 0x000002ceb115eb00 flushing  nmethod 0x000002cea239f310
Event: 688.213 Thread 0x000002ceb115eb00 flushing  nmethod 0x000002cea239f790
Event: 688.213 Thread 0x000002ceb115eb00 flushing  nmethod 0x000002cea23a5410
Event: 688.213 Thread 0x000002ceb115eb00 flushing  nmethod 0x000002cea23a5b10
Event: 688.213 Thread 0x000002ceb115eb00 flushing  nmethod 0x000002cea23a9f90
Event: 688.213 Thread 0x000002ceb115eb00 flushing  nmethod 0x000002cea23b5890
Event: 688.213 Thread 0x000002ceb115eb00 flushing  nmethod 0x000002cea23e1310
Event: 688.213 Thread 0x000002ceb115eb00 flushing  nmethod 0x000002cea23e7690
Event: 688.213 Thread 0x000002ceb115eb00 flushing  nmethod 0x000002cea23e8690
Event: 688.213 Thread 0x000002ceb115eb00 flushing  nmethod 0x000002cea2401990
Event: 688.213 Thread 0x000002ceb115eb00 flushing  nmethod 0x000002cea2416190
Event: 688.213 Thread 0x000002ceb115eb00 flushing  nmethod 0x000002cea2487f90

Events (20 events):
Event: 423.418 Thread 0x000002ceb11ecf20 Thread added: 0x000002cef9a85f80
Event: 423.532 Thread 0x000002cef9a85f80 Thread exited: 0x000002cef9a85f80
Event: 424.660 Thread 0x000002ceb11ecf20 Thread added: 0x000002cef9a85f80
Event: 425.130 Thread 0x000002cef9a85f80 Thread exited: 0x000002cef9a85f80
Event: 468.103 Thread 0x000002ceb116f2f0 Thread added: 0x000002cef7fe9ed0
Event: 468.410 Thread 0x000002cef7fe9ed0 Thread exited: 0x000002cef7fe9ed0
Event: 564.657 Thread 0x000002ceb11ecf20 Thread added: 0x000002cef78f1490
Event: 564.835 Thread 0x000002cef78f1490 Thread exited: 0x000002cef78f1490
Event: 599.034 Thread 0x000002ceb11ecf20 Thread added: 0x000002cef78f2230
Event: 600.840 Thread 0x000002cef78f2230 Thread exited: 0x000002cef78f2230
Event: 629.288 Thread 0x000002cefb38c080 Thread added: 0x000002cefa0095a0
Event: 629.288 Thread 0x000002cefa0095a0 Thread exited: 0x000002cefa0095a0
Event: 632.376 Thread 0x000002cefb38e7e0 Thread added: 0x000002cefa005400
Event: 632.376 Thread 0x000002cefa005400 Thread exited: 0x000002cefa005400
Event: 665.200 Thread 0x000002ceb11ecf20 Thread added: 0x000002cef78f51e0
Event: 665.362 Thread 0x000002cef78f51e0 Thread exited: 0x000002cef78f51e0
Event: 688.049 Thread 0x000002ceb11ecf20 Thread added: 0x000002cef78f6d20
Event: 692.333 Thread 0x000002cef78f6d20 Thread exited: 0x000002cef78f6d20
Event: 724.250 Thread 0x000002ceb11ecf20 Thread added: 0x000002cef78f58b0
Event: 724.907 Thread 0x000002cef78f58b0 Thread exited: 0x000002cef78f58b0


Dynamic libraries:
0x00007ff6abbe0000 - 0x00007ff6abbee000 	c:\Users\lucca\.vscode\extensions\redhat.java-1.42.0-win32-x64\jre\21.0.7-win32-x86_64\bin\java.exe
0x00007ffd61010000 - 0x00007ffd61208000 	C:\Windows\SYSTEM32\ntdll.dll
0x00007ffd5fe90000 - 0x00007ffd5ff52000 	C:\Windows\System32\KERNEL32.DLL
0x00007ffd5e930000 - 0x00007ffd5ec26000 	C:\Windows\System32\KERNELBASE.dll
0x00007ffd5ec60000 - 0x00007ffd5ed60000 	C:\Windows\System32\ucrtbase.dll
0x00007ffd57eb0000 - 0x00007ffd57ec8000 	c:\Users\lucca\.vscode\extensions\redhat.java-1.42.0-win32-x64\jre\21.0.7-win32-x86_64\bin\jli.dll
0x00007ffd5f960000 - 0x00007ffd5fafd000 	C:\Windows\System32\USER32.dll
0x00007ffd5ee80000 - 0x00007ffd5eea2000 	C:\Windows\System32\win32u.dll
0x00007ffd5fe60000 - 0x00007ffd5fe8b000 	C:\Windows\System32\GDI32.dll
0x00007ffd5ed60000 - 0x00007ffd5ee7a000 	C:\Windows\System32\gdi32full.dll
0x00007ffd5e810000 - 0x00007ffd5e8ad000 	C:\Windows\System32\msvcp_win.dll
0x00007ffd4d740000 - 0x00007ffd4d75e000 	c:\Users\lucca\.vscode\extensions\redhat.java-1.42.0-win32-x64\jre\21.0.7-win32-x86_64\bin\VCRUNTIME140.dll
0x00007ffd4adc0000 - 0x00007ffd4b05a000 	C:\Windows\WinSxS\amd64_microsoft.windows.common-controls_6595b64144ccf1df_6.0.19041.5794_none_60bcd33171f2783c\COMCTL32.dll
0x00007ffd5ffd0000 - 0x00007ffd6006e000 	C:\Windows\System32\msvcrt.dll
0x00007ffd60090000 - 0x00007ffd600bf000 	C:\Windows\System32\IMM32.DLL
0x00007ffd592e0000 - 0x00007ffd592ec000 	c:\Users\lucca\.vscode\extensions\redhat.java-1.42.0-win32-x64\jre\21.0.7-win32-x86_64\bin\vcruntime140_1.dll
0x00007ffd21100000 - 0x00007ffd2118d000 	c:\Users\lucca\.vscode\extensions\redhat.java-1.42.0-win32-x64\jre\21.0.7-win32-x86_64\bin\msvcp140.dll
0x00007ffd056b0000 - 0x00007ffd06440000 	c:\Users\lucca\.vscode\extensions\redhat.java-1.42.0-win32-x64\jre\21.0.7-win32-x86_64\bin\server\jvm.dll
0x00007ffd5fdb0000 - 0x00007ffd5fe5f000 	C:\Windows\System32\ADVAPI32.dll
0x00007ffd5f040000 - 0x00007ffd5f0df000 	C:\Windows\System32\sechost.dll
0x00007ffd60ea0000 - 0x00007ffd60fc3000 	C:\Windows\System32\RPCRT4.dll
0x00007ffd5ec30000 - 0x00007ffd5ec57000 	C:\Windows\System32\bcrypt.dll
0x00007ffd5ff60000 - 0x00007ffd5ffcb000 	C:\Windows\System32\WS2_32.dll
0x00007ffd5e510000 - 0x00007ffd5e55b000 	C:\Windows\SYSTEM32\POWRPROF.dll
0x00007ffd495f0000 - 0x00007ffd49617000 	C:\Windows\SYSTEM32\WINMM.dll
0x00007ffd58ef0000 - 0x00007ffd58efa000 	C:\Windows\SYSTEM32\VERSION.dll
0x00007ffd5e4f0000 - 0x00007ffd5e502000 	C:\Windows\SYSTEM32\UMPDC.dll
0x00007ffd5c530000 - 0x00007ffd5c542000 	C:\Windows\SYSTEM32\kernel.appcore.dll
0x00007ffd59100000 - 0x00007ffd5910a000 	c:\Users\lucca\.vscode\extensions\redhat.java-1.42.0-win32-x64\jre\21.0.7-win32-x86_64\bin\jimage.dll
0x00007ffd4b510000 - 0x00007ffd4b711000 	C:\Windows\SYSTEM32\DBGHELP.DLL
0x00007ffd35650000 - 0x00007ffd35684000 	C:\Windows\SYSTEM32\dbgcore.DLL
0x00007ffd5ef00000 - 0x00007ffd5ef82000 	C:\Windows\System32\bcryptPrimitives.dll
0x00007ffd58e70000 - 0x00007ffd58e7f000 	c:\Users\lucca\.vscode\extensions\redhat.java-1.42.0-win32-x64\jre\21.0.7-win32-x86_64\bin\instrument.dll
0x00007ffd58a10000 - 0x00007ffd58a2f000 	c:\Users\lucca\.vscode\extensions\redhat.java-1.42.0-win32-x64\jre\21.0.7-win32-x86_64\bin\java.dll
0x00007ffd60730000 - 0x00007ffd60e9e000 	C:\Windows\System32\SHELL32.dll
0x00007ffd5c730000 - 0x00007ffd5ced3000 	C:\Windows\SYSTEM32\windows.storage.dll
0x00007ffd5f190000 - 0x00007ffd5f4e3000 	C:\Windows\System32\combase.dll
0x00007ffd5e010000 - 0x00007ffd5e03b000 	C:\Windows\SYSTEM32\Wldp.dll
0x00007ffd5fb00000 - 0x00007ffd5fbcd000 	C:\Windows\System32\OLEAUT32.dll
0x00007ffd5f0e0000 - 0x00007ffd5f18d000 	C:\Windows\System32\SHCORE.dll
0x00007ffd60140000 - 0x00007ffd60195000 	C:\Windows\System32\shlwapi.dll
0x00007ffd5e5e0000 - 0x00007ffd5e605000 	C:\Windows\SYSTEM32\profapi.dll
0x00007ffd4d320000 - 0x00007ffd4d338000 	c:\Users\lucca\.vscode\extensions\redhat.java-1.42.0-win32-x64\jre\21.0.7-win32-x86_64\bin\zip.dll
0x00007ffd589e0000 - 0x00007ffd589f0000 	C:\Users\lucca\.vscode\extensions\redhat.java-1.42.0-win32-x64\jre\21.0.7-win32-x86_64\bin\net.dll
0x00007ffd56cb0000 - 0x00007ffd56dba000 	C:\Windows\SYSTEM32\WINHTTP.dll
0x00007ffd5dd70000 - 0x00007ffd5dddc000 	C:\Windows\system32\mswsock.dll
0x00007ffd4b060000 - 0x00007ffd4b076000 	C:\Users\lucca\.vscode\extensions\redhat.java-1.42.0-win32-x64\jre\21.0.7-win32-x86_64\bin\nio.dll
0x00007ffd4dcc0000 - 0x00007ffd4dcd0000 	c:\Users\lucca\.vscode\extensions\redhat.java-1.42.0-win32-x64\jre\21.0.7-win32-x86_64\bin\verify.dll
0x00007ffd21e70000 - 0x00007ffd21eb5000 	C:\Users\lucca\AppData\Roaming\Code\User\globalStorage\redhat.java\1.42.0\config_win\org.eclipse.equinox.launcher\org.eclipse.equinox.launcher.win32.win32.x86_64_1.2.1300.v20250331-1702\eclipse_11911.dll
0x00007ffd603f0000 - 0x00007ffd6051b000 	C:\Windows\System32\ole32.dll
0x00007ffd5df70000 - 0x00007ffd5df88000 	C:\Windows\SYSTEM32\CRYPTSP.dll
0x00007ffd5d690000 - 0x00007ffd5d6c8000 	C:\Windows\system32\rsaenh.dll
0x00007ffd5e5a0000 - 0x00007ffd5e5ce000 	C:\Windows\SYSTEM32\USERENV.dll
0x00007ffd5df60000 - 0x00007ffd5df6c000 	C:\Windows\SYSTEM32\CRYPTBASE.dll
0x00007ffd5da50000 - 0x00007ffd5da8b000 	C:\Windows\SYSTEM32\IPHLPAPI.DLL
0x00007ffd60300000 - 0x00007ffd60308000 	C:\Windows\System32\NSI.dll
0x00007ffd20950000 - 0x00007ffd20999000 	C:\Users\lucca\AppData\Local\Temp\jna-103324120\jna5348797449980056946.dll
0x00007ffd5fbd0000 - 0x00007ffd5fbd8000 	C:\Windows\System32\PSAPI.DLL
0x00007ffd58110000 - 0x00007ffd58127000 	C:\Windows\SYSTEM32\dhcpcsvc6.DLL
0x00007ffd580f0000 - 0x00007ffd5810d000 	C:\Windows\SYSTEM32\dhcpcsvc.DLL
0x00007ffd4d9c0000 - 0x00007ffd4d9ce000 	C:\Users\lucca\.vscode\extensions\redhat.java-1.42.0-win32-x64\jre\21.0.7-win32-x86_64\bin\sunmscapi.dll
0x00007ffd5e6b0000 - 0x00007ffd5e80d000 	C:\Windows\System32\CRYPT32.dll
0x00007ffd5e080000 - 0x00007ffd5e0a7000 	C:\Windows\SYSTEM32\ncrypt.dll
0x00007ffd5e040000 - 0x00007ffd5e07b000 	C:\Windows\SYSTEM32\NTASN1.dll
0x00007ffd5da90000 - 0x00007ffd5db5a000 	C:\Windows\SYSTEM32\DNSAPI.dll
0x00007ffd4fe40000 - 0x00007ffd4fe4a000 	C:\Windows\System32\rasadhlp.dll
0x00007ffd4fa10000 - 0x00007ffd4fa90000 	C:\Windows\System32\fwpuclnt.dll
0x00007ffd4d650000 - 0x00007ffd4d659000 	C:\Users\lucca\.vscode\extensions\redhat.java-1.42.0-win32-x64\jre\21.0.7-win32-x86_64\bin\extnet.dll
0x00007ffd5d8e0000 - 0x00007ffd5d913000 	C:\Windows\SYSTEM32\ntmarta.dll

dbghelp: loaded successfully - version: 4.0.5 - missing functions: none
symbol engine: initialized successfully - sym options: 0x614 - pdb path: .;c:\Users\lucca\.vscode\extensions\redhat.java-1.42.0-win32-x64\jre\21.0.7-win32-x86_64\bin;C:\Windows\SYSTEM32;C:\Windows\WinSxS\amd64_microsoft.windows.common-controls_6595b64144ccf1df_6.0.19041.5794_none_60bcd33171f2783c;c:\Users\lucca\.vscode\extensions\redhat.java-1.42.0-win32-x64\jre\21.0.7-win32-x86_64\bin\server;C:\Users\lucca\AppData\Roaming\Code\User\globalStorage\redhat.java\1.42.0\config_win\org.eclipse.equinox.launcher\org.eclipse.equinox.launcher.win32.win32.x86_64_1.2.1300.v20250331-1702;C:\Users\lucca\AppData\Local\Temp\jna-103324120

VM Arguments:
jvm_args: --add-modules=ALL-SYSTEM --add-opens=java.base/java.util=ALL-UNNAMED --add-opens=java.base/java.lang=ALL-UNNAMED --add-opens=java.base/sun.nio.fs=ALL-UNNAMED -Declipse.application=org.eclipse.jdt.ls.core.id1 -Dosgi.bundles.defaultStartLevel=4 -Declipse.product=org.eclipse.jdt.ls.core.product -Djava.import.generatesMetadataFilesAtProjectRoot=false -DDetectVMInstallationsJob.disabled=true -Dfile.encoding=utf8 -XX:+UseParallelGC -XX:GCTimeRatio=4 -XX:AdaptiveSizePolicyWeight=90 -Dsun.zip.disableMemoryMapping=true -Xmx1G -Xms100m -Xlog:disable -javaagent:c:\Users\lucca\.vscode\extensions\redhat.java-1.42.0-win32-x64\lombok\lombok-1.18.36.jar -XX:+HeapDumpOnOutOfMemoryError -XX:HeapDumpPath=c:\Users\lucca\AppData\Roaming\Code\User\workspaceStorage\4bda79ef473fe2ec8d334810fdf56669\redhat.java -Daether.dependencyCollector.impl=bf 
java_command: c:\Users\lucca\.vscode\extensions\redhat.java-1.42.0-win32-x64\server\plugins\org.eclipse.equinox.launcher_1.7.0.v20250424-1814.jar -configuration c:\Users\lucca\AppData\Roaming\Code\User\globalStorage\redhat.java\1.42.0\config_win -data c:\Users\lucca\AppData\Roaming\Code\User\workspaceStorage\4bda79ef473fe2ec8d334810fdf56669\redhat.java\jdt_ws --pipe=\\.\pipe\lsp-7ce125001f209bf7e09b9c7934db0202-sock
java_class_path (initial): c:\Users\lucca\.vscode\extensions\redhat.java-1.42.0-win32-x64\server\plugins\org.eclipse.equinox.launcher_1.7.0.v20250424-1814.jar
Launcher Type: SUN_STANDARD

[Global flags]
    uintx AdaptiveSizePolicyWeight                 = 90                                        {product} {command line}
     intx CICompilerCount                          = 3                                         {product} {ergonomic}
    uintx GCTimeRatio                              = 4                                         {product} {command line}
     bool HeapDumpOnOutOfMemoryError               = true                                   {manageable} {command line}
    ccstr HeapDumpPath                             = c:\Users\lucca\AppData\Roaming\Code\User\workspaceStorage\4bda79ef473fe2ec8d334810fdf56669\redhat.java         {manageable} {command line}
   size_t InitialHeapSize                          = 104857600                                 {product} {command line}
   size_t MaxHeapSize                              = 1073741824                                {product} {command line}
   size_t MaxNewSize                               = 357564416                                 {product} {ergonomic}
   size_t MinHeapDeltaBytes                        = 524288                                    {product} {ergonomic}
   size_t MinHeapSize                              = 104857600                                 {product} {command line}
   size_t NewSize                                  = 34603008                                  {product} {ergonomic}
    uintx NonNMethodCodeHeapSize                   = 5832780                                {pd product} {ergonomic}
    uintx NonProfiledCodeHeapSize                  = 122912730                              {pd product} {ergonomic}
   size_t OldSize                                  = 70254592                                  {product} {ergonomic}
    uintx ProfiledCodeHeapSize                     = 122912730                              {pd product} {ergonomic}
    uintx ReservedCodeCacheSize                    = 251658240                              {pd product} {ergonomic}
     bool SegmentedCodeCache                       = true                                      {product} {ergonomic}
   size_t SoftMaxHeapSize                          = 1073741824                             {manageable} {ergonomic}
     bool UseCompressedOops                        = true                           {product lp64_product} {ergonomic}
     bool UseLargePagesIndividualAllocation        = false                                  {pd product} {ergonomic}
     bool UseParallelGC                            = true                                      {product} {command line}

Logging:
Log output configuration:
 #0: stdout all=off uptime,level,tags foldmultilines=false
 #1: stderr all=off uptime,level,tags foldmultilines=false

Environment Variables:
JAVA_HOME=C:\Program Files\Java\azul-21.0.4
PATH=C:\Program Files\Java\azul-21.0.4\bin;C:\Program Files (x86)\Common Files\Oracle\Java\javapath;C:\Windows\system32;C:\Windows;C:\Windows\System32\Wbem;C:\Windows\System32\WindowsPowerShell\v1.0\;C:\Windows\System32\OpenSSH\;C:\Program Files\dotnet\;D:\GIT\Git\cmd;D:\Program Files\nodejs\;C:\Users\lucca\AppData\Local\Programs\Python\Python312\Scripts\;C:\Users\lucca\AppData\Local\Programs\Python\Python312\;C:\Users\lucca\AppData\Local\Programs\Python\Launcher\;C:\Users\lucca\AppData\Local\Microsoft\WindowsApps;D:\Users\lucca\AppData\Local\Programs\Microsoft VSCode\Microsoft VS Code\bin;C:\Users\lucca\AppData\Roaming\npm;D:\lucca\Downloads\apache-maven-3.9.9\bin;
USERNAME=lucca
OS=Windows_NT
PROCESSOR_IDENTIFIER=Intel64 Family 6 Model 142 Stepping 12, GenuineIntel
TMP=C:\Users\lucca\AppData\Local\Temp
TEMP=C:\Users\lucca\AppData\Local\Temp




Periodic native trim disabled

---------------  S Y S T E M  ---------------

OS:
 Windows 10 , 64 bit Build 19041 (10.0.19041.5794)
OS uptime: 10 days 3:29 hours

CPU: total 4 (initial active 4) (2 cores per cpu, 2 threads per core) family 6 model 142 stepping 12 microcode 0xf4, cx8, cmov, fxsr, ht, mmx, 3dnowpref, sse, sse2, sse3, ssse3, sse4.1, sse4.2, popcnt, lzcnt, tsc, tscinvbit, avx, avx2, aes, erms, clmul, bmi1, bmi2, adx, fma, vzeroupper, clflush, clflushopt, rdtscp, f16c
Processor Information for the first 4 processors :
  Max Mhz: 2592, Current Mhz: 2093, Mhz Limit: 2073

Memory: 4k page, system-wide physical 12122M (575M free)
TotalPageFile size 17242M (AvailPageFile size 11M)
current process WorkingSet (physical memory assigned to process): 1076M, peak: 1117M
current process commit charge ("private bytes"): 955M, peak: 1000M

vm_info: OpenJDK 64-Bit Server VM (21.0.7+6-LTS) for windows-amd64 JRE (21.0.7+6-LTS), built on 2025-04-15T00:00:00Z by "admin" with MS VC++ 17.7 (VS2022)

END.
